<?xml version="1.0" encoding="UTF-8"?>
<!-- Generated by org.testng.reporters.JUnitReportReporter -->
<testsuite skipped="0" hostname="LAPTOP-94EP1FIV" name="testCases.TC_002" tests="1" failures="0" timestamp="05 Jul 2020 12:06:15 GMT" time="0.010" errors="0">
  <testcase name="testTitle" time="0.010" classname="testCases.TC_002"/>
</testsuite> <!-- testCases.TC_002 -->
